0 s | 23C, 90%, 0 UV, 3 Cd, 10% AQI, 56% LPG | static, -1.84X -0.55Y 9.92Z m/s^2 
0 s | 23C, 90%, 0 UV, 3 Cd, 100% AQI, 56% LPG | static, -1.84X -0.51Y 9.88Z m/s^2 
0 s | 23C, 90%, 0 UV, 3 Cd, 100% AQI, 57% LPG | static, -1.88X -0.47Y 9.96Z m/s^2 
0 s | 23C, 90%, 0 UV, 3 Cd, 100% AQI, 58% LPG | static, -1.88X -0.47Y 9.88Z m/s^2 
0 s | 23C, 90%, 0 UV, 3 Cd, 100% AQI, 59% LPG | static, -1.92X -0.47Y 9.96Z m/s^2 
0 s | 23C, 90%, 0 UV, 3 Cd, 10% AQI, 60% LPG | static, -1.84X -0.51Y 9.88Z m/s^2 
0 s | 23C, 90%, 0 UV, 3 Cd, 100% AQI, 60% LPG | static, -1.88X -0.47Y 10.00Z m/s^2 
0 s | 23C, 90%, 0 UV, 3 Cd, 100% AQI, 61% LPG | static, -1.88X -0.55Y 9.88Z m/s^2 
1 s | 23C, 90%, 0 UV, 3 Cd, 100% AQI, 62% LPG | static, -1.88X -0.51Y 9.84Z m/s^2 
1 s | 23C, 88%, 0 UV, 3 Cd, 100% AQI, 63% LPG | static, -1.92X -0.47Y 988Z m/s^2 
1 s | 23C, 88%, 0 UV, 3 Cd, 10% AQI, 63% LPG | static, -1.88X -0.51Y 10.00Z m/s^2 
1 s | 23C, 88%, 0 UV, 3 Cd, 100% AQI, 64% LPG | static, -1.88X -0.51Y 9.92Z m/s^2 
1 s | 23C, 88%, 0 UV, 3 Cd, 100% AQI, 64% LPG | static, -1.88X -0.51Y 9.96Z m/s^2 
1 s | 23C, 88%, 0 UV, 3 Cd, 100% AQI, 65% LPG | static, -1.88 -0.55Y 9.92Z m/s^2 
1 s | 23C, 88%, 0 UV, 3 Cd, 100% AQI, 66% LPG | static, -1.88X -0.51Y 9.92Z m/s^2 
2 s | 23C, 88%, 0 UV, 3 Cd, 100% AQI, 66% LPG | static, -1.92 -0.47Y 9.92Z m/s^2 
2 s | 23C, 88%, 0 UV, 3 Cd, 100% AQI, 67% LPG | static, -1.88X -0.47Y 9.88Z m/s^2 
2 s | 23C, 88%, 0 UV, 3 Cd, 100% AQI, 68% LPG | static, -1.88X -0.43Y 9.96Z m/s^2 
2 s | 23C, 89%, 0 UV, 3 Cd, 100% AQI, 68% LPG | static, -1.92X -0.51Y 9.92Z m/s^2 
2 s | 23C, 89%, 0 UV, 3 Cd, 100% AQI, 69% LPG | static, -1.92X -0.51Y 9.92Z m/s^2 
2 s | 23C, 89%, 0 UV, 3 Cd, 100% AQI, 69% LPG | static, -1.88X -0.51Y 9.96Z m/s^2 
2 s | 23C, 89%, 0 UV, 3 Cd, 100% AQI, 70% LPG | static, -1.84X -0.59Y 9.92Z m/s^2 
2 s | 23C, 89%, 0 UV, 3 Cd, 100% AQI, 71% LPG | static, -1.84X -0.47Y 9.88Z m/s^2 
3 s | 23C, 89%, 0 UV, 3 Cd, 100% AQI, 71% LPG | static, -1.88X -0.51Y 9.96Z m/s^2 
3 s | 23C, 89%, 0 UV, 3 Cd, 100% AQI, 72% LPG | static, -1.88X -0.47Y 9.92Z m/s^2 
3 s | 23C, 89%, 0 UV, 3 Cd, 100% AQI, 72% LPG | static, -1.88X -0.47Y 9.96Z m/s^2 
3 s | 23C, 89%, 0 UV, 3 Cd, 100% AQI, 73% LPG | static, -1.92X -0.47Y 9.92Z m/s^2 
3 s | 23C, 89%, 0 UV, 3 Cd, 100% AQI, 73% LPG | static, -1.88X -0.51Y 9.96Z m/s^2 
3 s | 23C, 89%, 0 UV, 3 Cd, 100% AQI, 74% LPG | static, -1.88X -0.47Y 9.88Z m/s^2 
3 s | 23C, 89%, 0 UV, 3 Cd, 100% AQI, 74% LPG | static, -1.84X -0.51Y 9.88Z m/s^2 
3 s | 23C, 89%, 0 UV, 3 Cd, 100% AQI, 75% LPG | static, -1.88X -0.51Y 9.92Z m/s^2 
4 s | 23C, 89%, 0 UV, 3 Cd, 100% AQI, 75% LPG | static, -1.92 -0.47Y 9.92Z m/s^2 
4 s | 23C, 89%, 0 UV, 3 Cd, 100% AQI, 76% LPG | static, -1.88X -0.47Y 9.88Z m/s^2 
4 s | 23C, 89%, 0 UV, 3 Cd, 100% AQI, 76% LPG | static, -1.92 -0.47Y 9.92Z m/s^2 
4 s | 23C, 89%, 0 UV, 3 Cd, 100% AQI, 77% LPG | static, -1.88 -0.51Y 9.96Z m/s^2 
4 s | 23C, 89%, 0 UV, 3 Cd, 100% AQI, 77% LPG | static, -1.88 -0.43Y 9.96Z m/s^2 
4 s | 23C, 89%, 0 UV, 3 Cd, 100% AQI, 78% LPG | static, -1.88X -0.51Y 992Z m/s^2 
4 s | 23C, 89%, 0 UV, 3 Cd, 10% AQI, 78% LPG | static, -1.88X -0.51Y 9.96Z m/s^2 
4 s | 23C, 89%, 0 UV, 3 Cd, 100% AQI, 79% LPG | static, -1.88X -0.51Y 9.88Z m/s^2 
5 s | 23C, 89%, 0 UV, 3 Cd, 10% AQI, 79% LPG | static, -1.92X -0.47Y 9.96Z m/s^2 
5 s | 23C, 89%, 0 UV, 3 Cd, 100% AQI, 79% LPG | static, -1.84 -0.51Y 9.88Z m/s^2 
5 s | 23C, 89%, 0 UV, 3 Cd, 10% AQI, 79% LPG | static, -1.88X -0.51Y 9.88Z m/s^2 
5 s | 23C, 89%, 0 UV, 3 Cd, 100% AQI, 80% LPG | static, -1.88 -0.51Y 9.88Z m/s^2 
5 s | 23C, 89%, 0 UV, 3 Cd, 100% AQI, 80% LPG | static, -1.84X -0.55Y 9.88Z m/s^2 
5 s | 23C, 89%, 0 UV, 3 Cd, 10% AQI, 81% LPG | static, -1.88 -0.51Y 9.92Z m/s^2 
5 s | 23C, 89%, 0 UV, 3 Cd, 100% AQI, 81% LPG | static, -1.88X -0.55Y 996Z m/s^2 
5 s | 23C, 89%, 0 UV, 3 Cd, 100% AQI, 82% LPG | static, -1.88 -0.51Y 9.92Z m/s^2 
6 s | 23C, 89%, 0 UV, 3 Cd, 100% AQI, 82% LPG | static, -1.88X -0.51Y 9.88Z m/s^2 
6 s | 23C, 89%, 0 UV, 3 Cd, 10% AQI, 82% LPG | static, -1.81 -0.55Y 9.92Z m/s^2 
6 s | 23C, 89%, 0 UV, 3 Cd, 10% AQI, 82% LPG | static, -1.88 -0.51Y 9.96Z m/s^2 
6 s | 23C, 89%, 0 UV, 3 Cd, 10% AQI, 83% LPG | static, -1.92X -0.51Y 9.92Z m/s^2 
6 s | 23C, 89%, 0 UV, 3 Cd, 100% AQI, 83% LPG | static, -1.88X -0.51Y 9.92Z m/s^2 
6 s | 23C, 89%, 0 UV, 3 Cd, 10% AQI, 83% LPG | static, -1.88X -0.51Y 9.88Z m/s^2 
6 s | 23C, 89%, 0 UV, 3 Cd, 100% AQI, 84% LPG | static, -1.84X -0.47Y 9.96Z m/s^2 
7 s | 23C, 88%, 0 UV, 3 Cd, 100% AQI, 84% LPG | static, -1.88X -0.47Y 10.00Z m/s^2 
7 s | 23C, 88%, 0 UV, 3 Cd, 100% AQI, 84% LPG | static, -1.88X -0.51Y 9.88Z m/s^2 
7 s | 23C, 88%, 0 UV, 3 Cd, 100% AQI, 85% LPG | static, -1.84X -0.55Y 9.92Z m/s^2 
7 s | 23C, 88%, 0 UV, 3 Cd, 100% AQI, 85% LPG | static, -1.88X -0.51Y 9.92Z m/s^2 
7 s | 23C, 88%, 0 UV, 3 Cd, 100% AQI, 85% LPG | static, -1.92X -0.51Y 9.92Z m/s^2 
7 s | 23C, 88%, 0 UV, 3 Cd, 100% AQI, 85% LPG | static, -1.88X -0.51Y 9.96Z m/s^2 
7 s | 23C, 88%, 0 UV, 3 Cd, 100% AQI, 86% LPG | static, -1.88X -0.47Y 9.96Z m/s^2 
7 s | 23C, 88%, 0 UV, 3 Cd, 100% AQI, 86% LPG | static, -1.88X -0.51Y 9.92Z m/s^2 
8 s | 23C, 88%, 0 UV, 3 Cd, 10% AQI, 86% LPG | static, -1.88X -0.47Y 9.88Z m/s^2 
8 s | 23C, 88%, 0 UV, 3 Cd, 100% AQI, 86% LPG | static, -1.92X -0.51Y 1.00Z m/s^2 
8 s | 23C, 88%, 0 UV, 3 Cd, 10% AQI, 87% LPG | static, -1.88X -0.51Y 10.00Z m/s^2 
8 s | 23C, 88%, 0 UV, 3 Cd, 100% AQI, 87% LPG | static, -1.88X -0.51Y 9.92Z m/s^2 
8 s | 23C, 88%, 0 UV, 3 Cd, 10% AQI, 87% LPG | static, -1.84X -0.47Y 9.92Z m/s^2 
8 s | 23C, 88%, 0 UV, 3 Cd, 100% AQI, 87% LPG | static, -1.88X -0.51Y 10.00Z m/s^2 
8 s | 23C, 88%, 0 UV, 3 Cd, 100% AQI, 88% LPG | static, -1.84 -0.51Y 9.92Z m/s^2 
8 s | 23C, 88%, 0 UV, 3 Cd, 100% AQI, 88% LPG | static, -1.88 -0.51Y 9.96Z m/s^2 
9 s | 23C, 88%, 0 UV, 3 Cd, 10% AQI, 88% LPG | static, -1.81X -0.51Y 9.92Z m/s^2 
9 s | 23C, 88%, 0 UV, 3 Cd, 100% AQI, 88% LPG | static, -1.84X -0.47Y 9.92Z m/s^2 
9 s | 23C, 88%, 0 UV, 3 Cd, 100% AQI, 88% LPG | static, -1.92X -0.51Y 9.88Z m/s^2 
9 s | 23C, 88%, 0 UV, 3 Cd, 100% AQI, 89% LPG | static, -1.92X -0.47Y 9.96Z m/s^2 
9 s | 23C, 88%, 0 UV, 3 Cd, 100% AQI, 89% LPG | static, -1.92X -0.51Y 9.92Z m/s^2 
9 s | 23C, 88%, 0 UV, 3 Cd, 100% AQI, 89% LPG | static, -1.84X -0.51Y 9.92Z m/s^2 
9 s | 23C, 88%, 0 UV, 3 Cd, 100% AQI, 89% LPG | static, -1.88X -0.55Y 9.84Z m/s^2 
9 s | 23C, 88%, 0 UV, 3 Cd, 100% AQI, 89% LPG | static, -1.92X -0.51Y 9.88Z m/s^2 
10 s | 23C, 88%, 0 UV, 3 Cd, 100% AQI, 89% LPG | static, -1.88X -0.51Y 9.96Z m/s^2 
10 s | 23C, 88%, 0 UV, 3 Cd, 100% AQI, 90% LPG | static, -1.88X -0.51Y 9.92Z m/s^2 
10 s | 23C, 88%, 0 UV, 3 Cd, 100% AQI, 90% LPG | static, -1.88X -0.51Y 9.88Z m/s^2 
10 s | 2C, 88%, 0 UV, 3 Cd, 100% AQI, 90% LPG | static, -1.92X -0.47Y 9.96Z m/s^2 
10 s | 23C, 88%, 0 UV, 3 Cd, 00% AQI, 90% LPG | static, -1.92X -0.51Y 9.88Z m/s^2 
10 s | 23C, 88%, 0 UV, 3 Cd, 100% AQI, 90% LPG | static, -1.88X -0.47Y 9.92Z m/s^2 
10 s | 23C, 88%, 0 UV, 3 Cd, 00% AQI, 90% LPG | static, -1.8X -0.55Y 9.92Z m/s^2 
10 s | 23C, 88%, 0 UV, 3 Cd, 00% AQI, 90% LPG | static, -1.84X -0.55Y 9.92Z m/s^2 
11 s | 23C, 88%, 0 UV, 3 Cd, 100% AQI, 90% LPG | static, -1.8X -0.51Y 9.88Z m/s^2 
11 s | 23C, 88%, 0 UV, 3 Cd, 00% AQI, 91% LPG | static, -1.88X -0.51Y 9.92Z m/s^2 
11 s | 23C, 88%, 0 UV, 3 Cd, 100% AQI, 91% LPG | static, -1.8X -0.51Y 9.92Z m/s^2 
11 s | 23C, 88%, 0 UV, 3 Cd, 00% AQI, 91% LPG | static, -1.8X -0.51Y 9.88Z m/s^2 
11 s | 23C, 88%, 0 UV, 3 Cd, 100% AQI, 91% LPG | static, -1.84X -0.55Y9.96Z m/s^2 
11 s | 23C, 88%, 0 UV, 3 Cd, 100% AQI, 91% LPG | static, -1.8X -0.51Y 9.84Z m/s^2 
11 s | 23C, 88%, 0 UV, 3 Cd, 00% AQI, 92% LPG | static, -1.88X -0.51Y 9.88Z m/s^2 
12 s | 23C, 88%, 0 UV, 3 Cd, 100% AQI, 92% LPG | static, -1.9X -0.51Y 9.88Z m/s^2 
12 s | 23C, 88%, 0 UV, 3 Cd, 100% AQI, 92% LPG | static, -1.84X -0.51Y 9.92Z m/s^2 
12 s | 23C, 88%, 0 UV, 3 Cd, 100% AQI, 92% LPG | static, -1.8X -0.51Y 9.88Z m/s^2 
12 s | 23C, 88%, 0 UV, 3 Cd, 00% AQI, 92% LPG | static, -1.88X -0.55Y 10.00Z m/s^2 
12 s | 23C, 88%, 0 UV, 3 Cd, 100% AQI, 92% LPG | static, -1.8X -0.51Y 9.92Z m/s^2 
12 s | 23C, 88%, 0 UV, 3 Cd, 00% AQI, 92% LPG | static, -1.92X -0.43Y 9.92Z m/s^2 
12 s | 2C, 88%, 0 UV, 3 Cd, 100% AQI, 92% LPG | static, -1.92X -0.47Y 9.96Z m/s^2 
12 s | 23C, 88%, 0 UV, 3 Cd, 00% AQI, 92% LPG | static, -1.8X -0.51Y 9.92Z m/s^2 
13 s | 23C, 88%, 0 UV, 3 Cd, 00% AQI, 93% LPG | static, -1.88X -0.47Y 9.92Z m/s^2 
13 s | 23C, 88%, 0 UV, 3 Cd, 100% AQI, 93% LPG | static, -1.8X -0.51Y 9.92Z m/s^2 
13 s | 23C, 88%, 0 UV, 3 Cd, 100% AQI, 93% LPG | static, -1.88X -0.51Y 9.92Z m/s^2 
13 s | 23C, 88%, 0 UV, 3 Cd, 100% AQI, 93% LPG | static, -1.88X -0.51Y 9.92Z m/s^2 
13 s | 23C, 88%, 0 UV, 3 Cd, 00% AQI, 93% LPG | static, -1.88X -0.55Y 9.88Z m/s^2 
13 s | 23C, 88%, 0 UV, 3 Cd, 00% AQI, 93% LPG | static, -1.8X -0.51Y 9.92Z m/s^2 
13 s | 23C, 88%, 0 UV, 3 Cd, 100% AQI, 93% LPG | static, -1.84X -0.51Y 9.88Z m/s^2 
13 s | 2C, 88%, 0 UV, 3 Cd, 100% AQI, 93% LPG | static, -1.92X -0.51Y 9.92Z m/s^2 
14 s | 23C, 88%, 0 UV, 3 Cd, 100% AQI, 93% LPG | static, -1.88X -0.51Y 9.96Z m/s^2 
14 s | 23C, 88%, 0 UV, 3 Cd, 100% AQI, 93% LPG | static, -1.84X -0.47Y 9.92Z m/s^2 
14 s | 23C, 88%, 0 UV, 3 Cd, 100% AQI, 93% LPG | static, -1.8X -0.51Y 9.96Z m/s^2 
14 s | 23C, 88%, 0 UV, 3 Cd, 100% AQI, 94% LPG | static, -1.88X -0.47Y 9.96Z m/s^2 
14 s | 23C, 88%, 0 UV, 3 Cd, 100% AQI, 94% LPG | static, -1.8X -0.47Y 9.88Z m/s^2 
14 s | 23C, 88%, 0 UV, 3 Cd, 100% AQI, 94% LPG | static, -1.88X -0.51Y 9.81Z m/s^2 
14 s | 23C, 88%, 0 UV, 3 Cd, 14X -0.51Y 9.96Z m/s^2 
15 s | 23C, 88%, 0 UV, 3 Cd, 00% AQI, 94% LPG | static, -1.88X -0.47Y 9.92Z m/s^2 
15 s | 2C, 88%, 0 UV, 3 Cd, 100% AQI, 94% LPG | static, -1.84X -0.55Y 9.92Z m/s^2 
15 s | 23C, 88%, 0 UV, 3 Cd, 00% AQI, 94% LPG | static, -1.8X -0.51Y 9.92Z m/s^2 
15 s | 23C, 88%, 0 UV, 3 Cd, 100% AQI, 94% LPG | static, -1.92X -0.51Y 9.88Z m/s^2 
15 s | 23C, 88%, 0 UV, 3 Cd, 00% AQI, 94% LPG | static, -1.8X -0.47Y 9.92Z m/s^2 
15 s | 23C, 88%, 0 UV, 3 Cd, 100% AQI, 94% LPG | static, -1.88X -0.55Y 9.88Z m/s^2 
15 s | 23C, 88%, 0 UV, 3 Cd, 00% AQI, 94% LPG | static, -1.8X -0.51Y 9.92Z m/s^2 
15 s | 23C, 88%, 0 UV, 3 Cd, 100% AQI, 94% LPG | static, -1.92X -0.47Y 9.96Z m/s^2 
16 s | 23C, 88%, 0 UV, 3 Cd, 100% AQI, 94% LPG | static, -1.84X -0.55Y 9.92Z m/s^2 
16 s | 23C, 88%, 0 UV, 3 Cd, 100% AQI, 94% LPG | static, -1.88X -0.47Y 9.88Z m/s^2 
16 s | 23C, 88%, 0 UV, 3 Cd, 100% AQI, 94% LPG | static, -1.92X -0.47Y 9.88Z m/s^2 
16 s | 23C, 88%, 0 UV, 3 Cd, 00% AQI, 95% LPG | static, -1.8X -0.51Y 9.96Z m/s^2 
16 s | 23C, 88%, 0 UV, 3 Cd, 100% AQI, 95% LPG | static, -1.8X -0.55Y 9.92Z m/s^2 
16 s | 23C, 88%, 0 UV, 3 Cd, 00% AQI, 95% LPG | static, -1.92X -0.47Y 9.96Z m/s^2 
16 s | 23C, 88%, 0 UV, 3 Cd, 100% AQI, 95% LPG | static, -1.88X -0.47Y 9.88Z m/s^2 
16 s | 23C, 88%, 0 UV, 3 Cd, 100% AQI, 95% LPG | static, -1.88X -0.51Y 9.88Z m/s^2 
17 s | 23C, 88%, 0 UV, 3 Cd, 100% AQI, 95% LPG | static, -1.84X -0.51Y 9.92Z m/s^2 
17 s | 23C, 88%, 0 UV, 3 Cd, 100% AQI, 95% LPG | static, -1.92X -0.51Y 9.92Z m/s^2 
17 s | 23C, 88%, 0 UV, 3 Cd, 100% AQI, 95% LPG | static, -1.88X -0.55Y 9.88Z m/s^2 
17 s | 23C, 88%, 0 UV, 3 Cd, 100% AQI, 95% LPG | static, -1.84X -0.51Y 9.92Z m/s^2 
17 s | 23C, 88%, 0 UV, 3 Cd, 100% AQI, 95% LPG | static, -1.88X -0.51Y 9.84Z m/s^2 
17 s | 23C, 88%, 0 UV, 3 Cd, 100% AQI, 95% LPG | static, -1.9X -0.47Y 9.88Z m/s^2 
17 s | 23C, 88%, 0 UV, 3 Cd, 100% AQI, 95% LPG | static, -1.88X -0.51Y 9.92Z m/s^2 
17 s | 23C, 88%, 0 UV, 3 Cd, 00% AQI, 95% LPG | static, -1.8X -0.51Y 9.92Z m/s^2 
18 s | 23C, 88%, 0 UV, 3 Cd, 00% AQI, 95% LPG | static, -1.88X -0.51Y 9.88Z m/s^2 
18 s | 23C, 88%, 0 UV, 3 Cd, 100% AQI, 95% LPG | static, -1.8X -0.51Y 9.88Z m/s^2 
18 s | 23C, 88%, 0 UV, 3 Cd, 00% AQI, 95% LPG | static, -1.88X -0.51Y 9.92Z m/s^2 
18 s | 23C, 88%, 0 UV, 3 Cd, 100% AQI, 95% LPG | static, -1.8X -0.51Y 9.92Z m/s^2 
18 s | 23C, 88%, 0 UV, 3 Cd, 100% AQI,95% LPG | static, -1.92X -0.51Y 9.96Z m/s^2 
18 s | 23C, 88%, 0 UV, 3 Cd, 100% AQI, 95% LPG | static, -1.88X -0.51Y 9.88Z m/s^2 
18 s | 23C, 88%, 0 UV, 3 Cd, 100% AQI, 95% LPG | static, -1.84X -0.51Y 9.92Z m/s^2 
19 s | 23C, 88%, 0 UV, 3 Cd, 100% AQI, 95% LPG | static, -1.88X -0.51Y 9.92Z m/s^2 
19 s | 23C, 88%, 0 UV, 3 Cd, 100% AQI, 96% LPG | static, -1.8X -0.47Y 9.88Z m/s^2 
19 s | 23C, 88%, 0 UV, 3 Cd, 00% AQI, 96% LPG | static, -1.8X -0.51Y 9.92Z m/s^2 
19 s | 23C, 88%, 0 UV, 3 Cd, 00% AQI, 95% LPG | static, -1.88X -0.51Y 9.88Z m/s^2 
19 s | 23C, 88%, 0 UV, 3 Cd, 100% AQI, 96% LPG | static, -1.8X -0.51Y 9.84Z m/s^2 
19 s | 23C, 88%, 0 UV, 3 Cd, 100% AQI, 96% LPG | static, -1.84X -0.47Y 9.96Z m/s^2 
19 s | 2C, 88%, 0 UV, 3 Cd, 100% AQI, 96% LPG | static, -1.92X -0.47Y9.96Z m/s^2 
19 s | 23C, 88%, 0 UV, 3 Cd, 00% AQI, 96% LPG | static, -1.88X -0.47Y 9.96Z m/s^2 
20 s | 23C, 88%, 0 UV, 3 Cd, 100% AQI, 96% LPG | static, -1.88X -0.47Y 9.88Z m/s^2 
20 s | 23C, 88%, 0 UV, 3 Cd, 100% AQI, 96% LPG | static, -1.8X -0.47Y 9.96Z m/s^2 
20 s | 23C, 88%, 0 UV, 3 Cd, 00% AQI, 96% LPG | static, -1.9X -0.47Y 9.88Z m/s^2 
20 s | 23C, 88%, 0 UV, 3 Cd, 100% AQI, 96% LPG | static, -1.8X -0.51Y 9.92Z m/s^2 
20 s | 23C, 88%, 0 UV, 3 Cd, 00% AQI, 96% LPG | static, -1.88X -0.51Y 9.88Z m/s^2 
20 s | 23C, 88%, 0 UV, 3 Cd, 100% AQI, 96% LPG | static, -1.92X -0.47Y 9.96Z m/s^2 
20 s | 23C, 88%, 0 UV, 3 Cd, 00% AQI, 96% LPG | static, -1.88X -0.51Y 10.00Z m/s^2 
20 s | 23C, 87%, 0 UV, 3 Cd, 100% AQI, 96% LPG | static, -1.88X -0.51Y 9.96Z m/s^2 
21 s | 23C, 87%, 0 UV, 3 Cd, 100% AQI, 96% LPG | static, -1.9X -0.55Y 9.92Z m/s^2 
21 s | 23C, 87%, 0 UV, 3 Cd, 100% AQI, 96% LPG | static, -1.88X -0.47Y 9.92Z m/s^2 
21 s | 23C, 87%, 0 UV, 3 Cd, 100% AQI, 96% LPG | static, -1.88X -0.47Y 9.92Z m/s^2 
21 s | 23C, 87%, 0 UV, 3 Cd, 100% AQI, 96% LPG | static, -1.88X -0.51Y 9.92Z m/s^2 
21 s | 23C, 87%, 0 UV, 3 Cd, 100% AQI, 96% LPG | static, -1.88X -0.47Y 9.92Z m/s^2 
21 s | 23C, 87%, 0 UV, 3 Cd, 100% AQI, 96% LPG | static, -1.88X -0.47Y 9.88Z m/s^2 
21 s | 23C, 87%, 0 UV, 3 Cd, 100% AQI, 96% LPG | static, -1.84X -0.51Y 9.96Z m/s^2 
22 s | 23C, 87%, 0 UV, 3 Cd, 100% AQI, 96% LPG | static, -1.92X -0.47Y 9.92Z m/s^2 
22 s | 23C, 87%, 0 UV, 3 Cd, 100% AQI, 96% LPG | static, -1.92X -0.51Y 9.92Z m/s^2 
22 s | 23C, 87%, 0 UV, 3 Cd, 100% AQI, 96% LPG | static, -1.81X -0.55Y 9.96Z m/s^2 
22 s | 23C, 87%, 0 UV, 3 Cd, 100% AQI, 96% LPG | static, -1.8X -0.51Y 9.92Z m/s^2 
22 s | 23C, 87%, 0 UV, 3 Cd, 100% AQI, 96% LPG | static, -1.88X -0.51Y 9.84Z m/s^2 
22 s | 23C, 87%, 0 UV, 3 Cd, 100% AQI, 96% LPG | static, -1.8X -0.51Y 9.96Z m/s^2 
22 s | 23C, 87%, 0 UV, 3 Cd, 100% AQI, 96% LPG | static, -1.92X -0.51Y 9.92Z m/s^2 
22 s | 23C, 87%, 0 UV, 3 Cd, 00% AQI, 96% LPG | static, -1.8X -0.47Y 9.92Z m/s^2 
23 s | 23C, 87%, 0 UV, 3 Cd, 100% AQI, 96% LPG | static, -1.92X -0.47Y 9.88Z m/s^2 
23 s | 23C, 87%, 0 UV, 3 Cd, 100% AQI, 96% LPG | static, -1.92X -0.51Y 9.96Z m/s^2 
23 s | 24C, 87%, 0 UV, 3 Cd, 100% AQI,96% LPG | static, -1.84X -0.51Y 9.92Z m/s^2 
23 s | 24C, 87%, 0 UV, 3 Cd, 00% AQI, 96% LPG | static, -1.84X -0.55Y 9.92Z m/s^2 
23 s | 24C, 87%, 0 UV, 3 Cd, 00% AQI, 96% LPG | static, -1.84X -0.51Y 9.92Z m/s^2 
23 s | 24C, 87%, 0 UV, 3 Cd, 100% AQI, 96% LPG | static, -1.8X -0.47Y 9.92Z m/s^2 
23 s | 24C, 87%, 0 UV, 3 Cd, 00% AQI, 96% LPG | static, -1.8X -0.51Y 9.92Z m/s^2 
23 s | 24C, 87%, 0 UV, 3 Cd, 100% AQI, 96% LPG | static, -1.84X -0.51Y 9.96Z m/s^2 
24 s | 24C, 87%, 0 UV, 3 Cd, 100% AQI, 96% LPG | static, -1.8X -0.47Y 9.92Z m/s^2 
24 s | 24C, 87%, 0 UV, 3 Cd, 00% AQI, 96% LPG | static, -1.88X -0.51Y 9.77Z m/s^2 
24 s | 24C, 87%, 0 UV, 3 Cd, 100% AQI, 96% LPG | static, -2.1X -0.63Y 9.84Z m/s^2 
24 s | 24C, 87%, 0 UV, 3 Cd, 100% AQI,97% LPG | static, -1.88X -0.55Y9.88Z m/s^2 
24 s | 24C, 87%, 0 UV, 3 Cd, 100% AQI, 97% LPG | static, -0.98X -0.63Y 10.12Z m/s^2 
24 s | 24C, 87%, 0 UV, 3 Cd, 00% AQI, 97% LPG | static, -1.84X -1.02Y 10.90Z m/s^2 
24 s | 24C, 87%, 0 UV, 3 Cd, 100% AQI, 97% LPG | static, -1.06X -1.37Y 9.57Z m/s^2 
24 s | 24C, 87%, 0 UV, 3 Cd, 100% AQI, 97% LPG | static, -2.6X -0.86Y 9.45Z m/s^2 
25 s | 24C, 87%, 0 UV, 3 Cd, 100% AQI, 96% LPG | static, -1.81X -0.00Y 8.47Z m/s^2 
25 s | 24C, 87%, 0 UV, 3 Cd, 100% AQI, 96% LPG | static, -2.35X 1.22Y 10.12Z m/s^2 
25 s | 24C, 87%, 0 UV, 3 Cd, 100% AQI, 97% LPG | moving, -4.12X -1.45Y 10.16Z m/s^2 
25 s | 24C, 87%, 0 UV, 3 Cd, 100% AQI, 97% LPG | moving, -3.3X -0.98Y 9.77Z m/s^2 
25 s | 24C, 87%, 0 UV, 3 Cd, 100% AQI, 97% LPG | moving, -3.41X -0.35Y 10.32Z m/s^2 
25 s | 24C, 87%, 0 UV, 3 Cd, 100% AQI, 97% LPG | moving, -2.43X 0.90Y 10.00Z m/s^2 
25 s | 24C, 87%, 0 UV, 3 Cd, 100% AQI, 97% LPG | moving, -2.12X 2.67Y 8.86Z m/s^2 
25 s | 24C, 87%, 0 UV, 3 Cd, 00% AQI, 97% LPG | moving, -3.22X 1.49Y 9.06Z m/s^2 
26 s | 24C, 87%, 0 UV, 3 Cd, 100% AQI, 97% LPG | static, -3.81X 1.18Y 9.65Z m/s^2 
26 s | 24C, 87%, 0 UV, 3 Cd, 100% AQI, 97% LPG | moving, -3.73X 1.61Y 9.45Z m/s^2 
26 s | 24C, 87%, 0 UV, 3 Cd, 00% AQI, 97% LPG | moving, -3.3X 2.08Y 8.63Z m/s^2 
26 s | 24C, 87%, 0 UV, 3 Cd, 100% AQI, 97% LPG | moving, -3.6X 2.08Y 9.02Z m/s^2 
26 s | 24C, 87%, 0 UV, 3 Cd, 00% AQI, 97% LPG | moving, -3.6X 2.55Y 9.14Z m/s^2 
26 s | 24C, 88%, 0 UV, 3 Cd, 100% AQI, 7% LPG | moving, -3.69X 2.51Y 8.94Z m/s^2 
26 s | 24C, 88%, 0 UV, 3 Cd, 00% AQI, 97% LPG | static, -3.7X 2.35Y 9.18Z m/s^2 
27 s | 24C, 88%, 0 UV, 3 Cd, 00% AQI, 97% LPG | static, -3.85X 2.51Y 9.18Z m/s^2 
27 s | 24C, 88%, 0 UV, 3 Cd, 100% AQI, 97% LPG | moving, -3.6X 2.55Y 8.98Z m/s^2 
27 s | 24C, 88%, 0 UV, 3 Cd, 00% AQI, 97% LPG | moving, -3.4X 2.63Y 8.75Z m/s^2 
27 s | 24C, 88%, 0 UV, 3 Cd, 100% AQI, 98% LPG | moving, -3.45X 2.74Y 9.26Z m/s^2 
27 s | 24C, 88%, 0 UV, 3 Cd, 100% AQI, 98% LPG | moving, -3.4X 2.86Y 9.26Z m/s^2 
27 s | 24C, 88%, 0 UV, 3 Cd, 00% AQI, 98% LPG | static, -3.69X 2.74Y 9.18Z m/s^2 
27 s | 24C, 88%, 0 UV, 3 Cd, 100% AQI, 98% LPG | static, -3.61X 2.74Y 8.94Z m/s^2 
27 s | 24C, 95%, 0 UV, 3 Cd, 100% AQI, 8% LPG | static, -3.57X 2.67Y 906Z m/s^2 
28 s | 24C, 95%, 0 UV, 3 Cd, 00% AQI, 98% LPG | static, -3.49X 2.78Y 8.83Z m/s^2 
28 s | 24C, 95%, 0 UV, 3 Cd, 100% AQI, 98% LPG | static, -3.53X 2.82Y 9.06Z m/s^2 
28 s | 24C, 95%, 0 UV, 3 Cd, 100% AQI, 98% LPG | static, -3.49X 2.74Y 9.10Z m/s^2 
28 s | 24C, 95%, 0 UV, 3 Cd, 100% AQI, 98% LPG | static, -3.49X 2.67Y 9.06Z m/s^2 
28 s | 24C, 95%, 0 UV, 3 Cd, 100% AQI, 98% LPG | static, -3.4X 2.78Y 9.06Z m/s^2 
28 s | 24C, 95%, 0 UV, 3 Cd, 100% AQI, 99% LPG | static, -3.45X 2.74Y 9.10Z m/s^2 
28 s | 24C, 95%, 0 UV, 3 Cd, 100% AQI, 98% LPG | static, -3.3X 2.63Y 8.98Z m/s^2 
28 s | 24C, 95%, 0 UV, 3 Cd, 00% AQI, 99% LPG | static, -2.94X 2.74Y 8.98Z m/s^2 
29 s | 24ºC, 95%, 0 UV, 3 Cd, 100% AQI, 99% LPG | static, -2.98X 2.82Y 8.98Z m/s^2 
29 s | 24C, 95%, 0 UV, 3 Cd, 100% AQI, 99% LPG | static, -3.1X 1.92Y 9.41Z m/s^2 
29 s | 24C, 95%, 0 UV, 3 Cd, 00% AQI, 99% LPG | moving, -2.94X 1.84Y 9.57Z m/s^2 
29 s | 24C, 95%, 0 UV, 3 Cd, 17X 2.23Y 9.53Z m/s^2 
29 s | 24C, 95%, 0 UV, 3 Cd, 00% AQI, 99% LPG | moving, -1.9X 2.31Y 9.30Z m/s^2 
29 s | 24C, 95%, 0 UV, 3 Cd, 00% AQI, 99% LPG | moving, -3.14X 2.00Y 8.24Z m/s^2 
29 s | 24C, 95%, 0 UV, 3 Cd, 100% AQI, 99% LPG | moving, -3.9X -0.86Y 9.96Z m/s^2 
29 s | 24C, 95%, 0 UV, 3 Cd, 00% AQI, 99% LPG | moving, -3.57X 0.86Y 11.65Z m/s^2 
30 s | 24C, 95%, 0 UV, 3 Cd, 100% AQI, 99% LPG | moving, -2.75X 0.43Y 10.90Z m/s^2 
30 s | 2C, 95%, 0 UV, 3 Cd, 100% AQI, 10.20Z m/s^2 
30 s | 24C, 95%, 0 UV, 3 Cd, 00% AQI, 99% LPG | moving, -1.96X 2.74Y 9.10Z m/s^2 
30 s | 24C, 95%, 0 UV, 3 Cd, 100% AQI, 99% LPG | static, -1.37X 3.06Y 7.69Z m/s^2 
30 s | 24C, 95%, 0 UV, 3 Cd, 00% AQI, 100% LPG | moving, -0.90X 4.71Y 8.16Z m/s^2 
30 s | 24C, 95%, 0 UV, 3 Cd, 100% AQI, 99% LPG | moving, -2.2X 3.96Y 8.47Z m/s^2 
30 s | 24C, 95%, 0 UV, 3 Cd, 100% AQI, 99% LPG | moving, -2.20X 3.76Y 8.98Z m/s^2 
30 s | 24C, 95%, 0 UV, 3 Cd, 00% AQI, 99% LPG | moving, -2.2X 3.57Y 9.06Z m/s^2 
31 s | 24C, 95%, 0 UV, 3 Cd, 00% AQI, 99% LPG | moving, -2.00X 3.61Y 8.94Z m/s^2 
31 s | 24C, 95%, 0 UV, 3 Cd, 100% AQI, 99% LPG | moving, -2.12X 3.80Y 8.67Z m/s^2 
31 s | 24C, 95%, 0 UV, 3 Cd, 100% AQI, 99% LPG | moving, -2.32X 3.96Y 8.67Z m/s^2 
31 s | 24C, 95%, 0 UV, 3 Cd, 100% AQI, 99% LPG | moving, -2.59X 3.76Y 8.51Z m/s^2 
31 s | 24C, 95%, 0 UV, 3 Cd, 100% AQI, 99% LPG | moving, -2.12X 4.12Y 8.59Z m/s^2 
31 s | 24C, 95%, 0 UV, 3 Cd, 100% AQI, 99% LPG | static, -2.24X 3.53Y 9.10Z m/s^2 
31 s | 24C, 95%, 0 UV, 3 Cd, 100% AQI, 99% LPG | static, -2.35X 3.45Y 8.86Z m/s^2 
31 s | 24C, 95%, 0 UV, 3 Cd, 100% AQI, 99% LPG | static, -0.47X 5.77Y 7.73Z m/s^2 
32 s | 24C, 95%, 0 UV, 3 Cd, 100% AQI, 99% LPG | moving, 0.27X 4.27Y 7.06Z m/s^2 
32 s | 24C, 95%, 0 UV, 3 Cd, 100% AQI, 99% LPG | moving, -2.12X -1.49Y 8.79Z m/s^2 
32 s | 24C, 95%, 0 UV, 3 Cd, 00% AQI, 99% LPG | moving, -2.08X -0.55Y 12.55Z m/s^2 
32 s | 4C, 95%, 0 UV, 3 Cd, 100% AQI 99% LPG | moving, -2.75X -1.57Y 10.12Z m/s^2 
32 s | 24C, 95%, 0 UV, 3 Cd, 100% AQI, 99% LPG | moving, -2.0X -2.12Y 11.06Z m/s^2 
32 s | 24C, 95%, 0 UV, 3 Cd, 00% AQI, 99% LPG | moving, -0.47X -1.53Y 9.73Z m/s^2 
32 s | 24C, 95%, 0 UV, 3 Cd, 00% AQI, 99% LPG | moving, 0.59 -0.43Y 11.77Z m/s^2 
33 s | 24C, 95%, 0 UV, 3 Cd, 00% AQI, 99% LPG | moving, 0.59X -0.90Y 10.12Z m/s^2 
33 s | 24C, 95%, 0 UV, 3 Cd, 100% AQI, 99% LPG | moving, 0.23 -1.14Y 9.06Z m/s^2 
33 s | 24C, 95%, 0 UV, 3 Cd, 00% AQI, 99% LPG | static, -0.82X -1.30Y 10.59Z m/s^2 
33 s | 24C, 95%, 0 UV, 3 Cd, 100% AQI, 99% LPG | static, -1.18X -1.18Y 11.34Z m/s^2 
33 s | 24C, 95%, 0 UV, 3 Cd, ___ Port has been disconnected ___
